
*** Running vivado
    with args -log design_1_microblaze_0_0.vds -m64 -product Vivado -mode batch -messageDb vivado.pb -notrace -source design_1_microblaze_0_0.tcl


****** Vivado v2017.1 (64-bit)
  **** SW Build 1846317 on Fri Apr 14 18:55:03 MDT 2017
  **** IP Build 1846188 on Fri Apr 14 20:52:08 MDT 2017
    ** Copyright 1986-2017 Xilinx, Inc. All Rights Reserved.

source design_1_microblaze_0_0.tcl -notrace
Starting RTL Elaboration : Time (s): cpu = 00:00:05 ; elapsed = 00:00:06 . Memory (MB): peak = 384.062 ; gain = 75.707
INFO: [Synth 8-638] synthesizing module 'design_1_microblaze_0_0' [c:/Users/fmabrouk/Documents/FPGA/MicroBlaze_2017/MicroBlaze_2017.srcs/sources_1/bd/design_1/ip/design_1_microblaze_0_0/synth/design_1_microblaze_0_0.vhd:116]
INFO: [Synth 8-256] done synthesizing module 'design_1_microblaze_0_0' (52#1) [c:/Users/fmabrouk/Documents/FPGA/MicroBlaze_2017/MicroBlaze_2017.srcs/sources_1/bd/design_1/ip/design_1_microblaze_0_0/synth/design_1_microblaze_0_0.vhd:116]
Finished RTL Elaboration : Time (s): cpu = 00:00:16 ; elapsed = 00:00:18 . Memory (MB): peak = 678.512 ; gain = 370.156
Finished RTL Optimization Phase 1 : Time (s): cpu = 00:00:17 ; elapsed = 00:00:20 . Memory (MB): peak = 678.512 ; gain = 370.156
INFO: [Device 21-403] Loading part xc7k325tffg676-2
Constraint Validation Runtime : Time (s): cpu = 00:00:00 ; elapsed = 00:00:00.115 . Memory (MB): peak = 966.906 ; gain = 0.000
Finished Constraint Validation : Time (s): cpu = 00:00:41 ; elapsed = 00:00:47 . Memory (MB): peak = 966.906 ; gain = 658.551
Finished Loading Part and Timing Information : Time (s): cpu = 00:00:41 ; elapsed = 00:00:47 . Memory (MB): peak = 966.906 ; gain = 658.551
Finished applying 'set_property' XDC Constraints : Time (s): cpu = 00:00:41 ; elapsed = 00:00:47 . Memory (MB): peak = 966.906 ; gain = 658.551
Finished RTL Optimization Phase 2 : Time (s): cpu = 00:00:47 ; elapsed = 00:00:54 . Memory (MB): peak = 966.906 ; gain = 658.551
Finished Cross Boundary and Area Optimization : Time (s): cpu = 00:00:58 ; elapsed = 00:01:05 . Memory (MB): peak = 966.906 ; gain = 658.551
Finished Applying XDC Timing Constraints : Time (s): cpu = 00:01:09 ; elapsed = 00:01:16 . Memory (MB): peak = 966.906 ; gain = 658.551
Finished Timing Optimization : Time (s): cpu = 00:01:11 ; elapsed = 00:01:18 . Memory (MB): peak = 966.906 ; gain = 658.551
Finished Technology Mapping : Time (s): cpu = 00:01:14 ; elapsed = 00:01:21 . Memory (MB): peak = 966.906 ; gain = 658.551
Finished IO Insertion : Time (s): cpu = 00:01:14 ; elapsed = 00:01:22 . Memory (MB): peak = 966.906 ; gain = 658.551
Finished Renaming Generated Instances : Time (s): cpu = 00:01:14 ; elapsed = 00:01:22 . Memory (MB): peak = 966.906 ; gain = 658.551
Finished Rebuilding User Hierarchy : Time (s): cpu = 00:01:15 ; elapsed = 00:01:22 . Memory (MB): peak = 966.906 ; gain = 658.551
Finished Renaming Generated Ports : Time (s): cpu = 00:01:15 ; elapsed = 00:01:22 . Memory (MB): peak = 966.906 ; gain = 658.551
Finished Handling Custom Attributes : Time (s): cpu = 00:01:15 ; elapsed = 00:01:22 . Memory (MB): peak = 966.906 ; gain = 658.551
Finished Renaming Generated Nets : Time (s): cpu = 00:01:15 ; elapsed = 00:01:22 . Memory (MB): peak = 966.906 ; gain = 658.551

Report Cell Usage: 
+------+---------+------+
|      |Cell     |Count |
+------+---------+------+
|1     |AND2B1L  |     1|
|2     |LUT1     |    17|
|3     |LUT2     |    48|
|4     |LUT3     |   256|
|5     |LUT4     |   150|
|6     |LUT5     |   222|
|7     |LUT6     |   360|
|8     |LUT6_2   |    80|
|9     |MULT_AND |     1|
|10    |MUXCY_L  |   136|
|11    |MUXF7    |   109|
|12    |RAM32M   |    16|
|13    |SRL16E   |    89|
|14    |SRLC16E  |     8|
|15    |XORCY    |    94|
|16    |FDCE     |   143|
|17    |FDE      |    32|
|18    |FDR      |    89|
|19    |FDRE     |  1256|
|20    |FDS      |     1|
|21    |FDSE     |    36|
+------+---------+------+
Finished Writing Synthesis Report : Time (s): cpu = 00:01:15 ; elapsed = 00:01:22 . Memory (MB): peak = 966.906 ; gain = 658.551
synth_design: Time (s): cpu = 00:01:21 ; elapsed = 00:01:29 . Memory (MB): peak = 966.906 ; gain = 670.324
