
*** Running vivado
    with args -log design_1_axi_quad_spi_0_0.vds -m64 -product Vivado -mode batch -messageDb vivado.pb -notrace -source design_1_axi_quad_spi_0_0.tcl


****** Vivado v2017.1 (64-bit)
  **** SW Build 1846317 on Fri Apr 14 18:55:03 MDT 2017
  **** IP Build 1846188 on Fri Apr 14 20:52:08 MDT 2017
    ** Copyright 1986-2017 Xilinx, Inc. All Rights Reserved.

source design_1_axi_quad_spi_0_0.tcl -notrace
Starting RTL Elaboration : Time (s): cpu = 00:00:04 ; elapsed = 00:00:05 . Memory (MB): peak = 389.582 ; gain = 76.176
INFO: [Synth 8-638] synthesizing module 'design_1_axi_quad_spi_0_0' [c:/Users/fmabrouk/Documents/FPGA/MicroBlaze_2017/MicroBlaze_2017.srcs/sources_1/bd/design_1/ip/design_1_axi_quad_spi_0_0/synth/design_1_axi_quad_spi_0_0.vhd:98]
INFO: [Synth 8-638] synthesizing module 'axi_quad_spi' [c:/Users/fmabrouk/Documents/FPGA/MicroBlaze_2017/MicroBlaze_2017.srcs/sources_1/bd/design_1/ipshared/4c23/hdl/axi_quad_spi_v3_2_rfs.vhd:33028]
INFO: [Synth 8-638] synthesizing module 'axi_quad_spi_top' [c:/Users/fmabrouk/Documents/FPGA/MicroBlaze_2017/MicroBlaze_2017.srcs/sources_1/bd/design_1/ipshared/4c23/hdl/axi_quad_spi_v3_2_rfs.vhd:31302]
INFO: [Synth 8-638] synthesizing module 'axi_lite_ipif' [c:/Users/fmabrouk/Documents/FPGA/MicroBlaze_2017/MicroBlaze_2017.srcs/sources_1/bd/design_1/ipshared/0ba0/hdl/axi_lite_ipif_v3_0_vh_rfs.vhd:2948]
INFO: [Synth 8-638] synthesizing module 'slave_attachment' [c:/Users/fmabrouk/Documents/FPGA/MicroBlaze_2017/MicroBlaze_2017.srcs/sources_1/bd/design_1/ipshared/0ba0/hdl/axi_lite_ipif_v3_0_vh_rfs.vhd:2341]
INFO: [Synth 8-638] synthesizing module 'address_decoder' [c:/Users/fmabrouk/Documents/FPGA/MicroBlaze_2017/MicroBlaze_2017.srcs/sources_1/bd/design_1/ipshared/0ba0/hdl/axi_lite_ipif_v3_0_vh_rfs.vhd:1775]
INFO: [Synth 8-638] synthesizing module 'axi_lite_ipif_v3_0_4_pselect_f' [c:/Users/fmabrouk/Documents/FPGA/MicroBlaze_2017/MicroBlaze_2017.srcs/sources_1/bd/design_1/ipshared/0ba0/hdl/axi_lite_ipif_v3_0_vh_rfs.vhd:1534]
INFO: [Synth 8-256] done synthesizing module 'axi_lite_ipif_v3_0_4_pselect_f' (1#1) [c:/Users/fmabrouk/Documents/FPGA/MicroBlaze_2017/MicroBlaze_2017.srcs/sources_1/bd/design_1/ipshared/0ba0/hdl/axi_lite_ipif_v3_0_vh_rfs.vhd:1534]
INFO: [Synth 8-638] synthesizing module 'axi_lite_ipif_v3_0_4_pselect_f__parameterized0' [c:/Users/fmabrouk/Documents/FPGA/MicroBlaze_2017/MicroBlaze_2017.srcs/sources_1/bd/design_1/ipshared/0ba0/hdl/axi_lite_ipif_v3_0_vh_rfs.vhd:1534]
INFO: [Synth 8-256] done synthesizing module 'axi_lite_ipif_v3_0_4_pselect_f__parameterized0' (1#1) [c:/Users/fmabrouk/Documents/FPGA/MicroBlaze_2017/MicroBlaze_2017.srcs/sources_1/bd/design_1/ipshared/0ba0/hdl/axi_lite_ipif_v3_0_vh_rfs.vhd:1534]
INFO: [Synth 8-638] synthesizing module 'axi_lite_ipif_v3_0_4_pselect_f__parameterized1' [c:/Users/fmabrouk/Documents/FPGA/MicroBlaze_2017/MicroBlaze_2017.srcs/sources_1/bd/design_1/ipshared/0ba0/hdl/axi_lite_ipif_v3_0_vh_rfs.vhd:1534]
INFO: [Synth 8-256] done synthesizing module 'axi_lite_ipif_v3_0_4_pselect_f__parameterized1' (1#1) [c:/Users/fmabrouk/Documents/FPGA/MicroBlaze_2017/MicroBlaze_2017.srcs/sources_1/bd/design_1/ipshared/0ba0/hdl/axi_lite_ipif_v3_0_vh_rfs.vhd:1534]
INFO: [Synth 8-638] synthesizing module 'axi_lite_ipif_v3_0_4_pselect_f__parameterized2' [c:/Users/fmabrouk/Documents/FPGA/MicroBlaze_2017/MicroBlaze_2017.srcs/sources_1/bd/design_1/ipshared/0ba0/hdl/axi_lite_ipif_v3_0_vh_rfs.vhd:1534]
INFO: [Synth 8-256] done synthesizing module 'axi_lite_ipif_v3_0_4_pselect_f__parameterized2' (1#1) [c:/Users/fmabrouk/Documents/FPGA/MicroBlaze_2017/MicroBlaze_2017.srcs/sources_1/bd/design_1/ipshared/0ba0/hdl/axi_lite_ipif_v3_0_vh_rfs.vhd:1534]
INFO: [Synth 8-638] synthesizing module 'axi_lite_ipif_v3_0_4_pselect_f__parameterized3' [c:/Users/fmabrouk/Documents/FPGA/MicroBlaze_2017/MicroBlaze_2017.srcs/sources_1/bd/design_1/ipshared/0ba0/hdl/axi_lite_ipif_v3_0_vh_rfs.vhd:1534]
INFO: [Synth 8-256] done synthesizing module 'axi_lite_ipif_v3_0_4_pselect_f__parameterized3' (1#1) [c:/Users/fmabrouk/Documents/FPGA/MicroBlaze_2017/MicroBlaze_2017.srcs/sources_1/bd/design_1/ipshared/0ba0/hdl/axi_lite_ipif_v3_0_vh_rfs.vhd:1534]
INFO: [Synth 8-638] synthesizing module 'axi_lite_ipif_v3_0_4_pselect_f__parameterized4' [c:/Users/fmabrouk/Documents/FPGA/MicroBlaze_2017/MicroBlaze_2017.srcs/sources_1/bd/design_1/ipshared/0ba0/hdl/axi_lite_ipif_v3_0_vh_rfs.vhd:1534]
INFO: [Synth 8-256] done synthesizing module 'axi_lite_ipif_v3_0_4_pselect_f__parameterized4' (1#1) [c:/Users/fmabrouk/Documents/FPGA/MicroBlaze_2017/MicroBlaze_2017.srcs/sources_1/bd/design_1/ipshared/0ba0/hdl/axi_lite_ipif_v3_0_vh_rfs.vhd:1534]
INFO: [Synth 8-638] synthesizing module 'axi_lite_ipif_v3_0_4_pselect_f__parameterized5' [c:/Users/fmabrouk/Documents/FPGA/MicroBlaze_2017/MicroBlaze_2017.srcs/sources_1/bd/design_1/ipshared/0ba0/hdl/axi_lite_ipif_v3_0_vh_rfs.vhd:1534]
INFO: [Synth 8-256] done synthesizing module 'axi_lite_ipif_v3_0_4_pselect_f__parameterized5' (1#1) [c:/Users/fmabrouk/Documents/FPGA/MicroBlaze_2017/MicroBlaze_2017.srcs/sources_1/bd/design_1/ipshared/0ba0/hdl/axi_lite_ipif_v3_0_vh_rfs.vhd:1534]
INFO: [Synth 8-638] synthesizing module 'axi_lite_ipif_v3_0_4_pselect_f__parameterized6' [c:/Users/fmabrouk/Documents/FPGA/MicroBlaze_2017/MicroBlaze_2017.srcs/sources_1/bd/design_1/ipshared/0ba0/hdl/axi_lite_ipif_v3_0_vh_rfs.vhd:1534]
INFO: [Synth 8-256] done synthesizing module 'axi_lite_ipif_v3_0_4_pselect_f__parameterized6' (1#1) [c:/Users/fmabrouk/Documents/FPGA/MicroBlaze_2017/MicroBlaze_2017.srcs/sources_1/bd/design_1/ipshared/0ba0/hdl/axi_lite_ipif_v3_0_vh_rfs.vhd:1534]
INFO: [Synth 8-638] synthesizing module 'axi_lite_ipif_v3_0_4_pselect_f__parameterized7' [c:/Users/fmabrouk/Documents/FPGA/MicroBlaze_2017/MicroBlaze_2017.srcs/sources_1/bd/design_1/ipshared/0ba0/hdl/axi_lite_ipif_v3_0_vh_rfs.vhd:1534]
INFO: [Synth 8-256] done synthesizing module 'axi_lite_ipif_v3_0_4_pselect_f__parameterized7' (1#1) [c:/Users/fmabrouk/Documents/FPGA/MicroBlaze_2017/MicroBlaze_2017.srcs/sources_1/bd/design_1/ipshared/0ba0/hdl/axi_lite_ipif_v3_0_vh_rfs.vhd:1534]
INFO: [Synth 8-638] synthesizing module 'axi_lite_ipif_v3_0_4_pselect_f__parameterized8' [c:/Users/fmabrouk/Documents/FPGA/MicroBlaze_2017/MicroBlaze_2017.srcs/sources_1/bd/design_1/ipshared/0ba0/hdl/axi_lite_ipif_v3_0_vh_rfs.vhd:1534]
INFO: [Synth 8-256] done synthesizing module 'axi_lite_ipif_v3_0_4_pselect_f__parameterized8' (1#1) [c:/Users/fmabrouk/Documents/FPGA/MicroBlaze_2017/MicroBlaze_2017.srcs/sources_1/bd/design_1/ipshared/0ba0/hdl/axi_lite_ipif_v3_0_vh_rfs.vhd:1534]
INFO: [Synth 8-638] synthesizing module 'axi_lite_ipif_v3_0_4_pselect_f__parameterized9' [c:/Users/fmabrouk/Documents/FPGA/MicroBlaze_2017/MicroBlaze_2017.srcs/sources_1/bd/design_1/ipshared/0ba0/hdl/axi_lite_ipif_v3_0_vh_rfs.vhd:1534]
INFO: [Synth 8-256] done synthesizing module 'axi_lite_ipif_v3_0_4_pselect_f__parameterized9' (1#1) [c:/Users/fmabrouk/Documents/FPGA/MicroBlaze_2017/MicroBlaze_2017.srcs/sources_1/bd/design_1/ipshared/0ba0/hdl/axi_lite_ipif_v3_0_vh_rfs.vhd:1534]
INFO: [Synth 8-638] synthesizing module 'axi_lite_ipif_v3_0_4_pselect_f__parameterized10' [c:/Users/fmabrouk/Documents/FPGA/MicroBlaze_2017/MicroBlaze_2017.srcs/sources_1/bd/design_1/ipshared/0ba0/hdl/axi_lite_ipif_v3_0_vh_rfs.vhd:1534]
INFO: [Synth 8-256] done synthesizing module 'axi_lite_ipif_v3_0_4_pselect_f__parameterized10' (1#1) [c:/Users/fmabrouk/Documents/FPGA/MicroBlaze_2017/MicroBlaze_2017.srcs/sources_1/bd/design_1/ipshared/0ba0/hdl/axi_lite_ipif_v3_0_vh_rfs.vhd:1534]
INFO: [Synth 8-638] synthesizing module 'axi_lite_ipif_v3_0_4_pselect_f__parameterized11' [c:/Users/fmabrouk/Documents/FPGA/MicroBlaze_2017/MicroBlaze_2017.srcs/sources_1/bd/design_1/ipshared/0ba0/hdl/axi_lite_ipif_v3_0_vh_rfs.vhd:1534]
INFO: [Synth 8-256] done synthesizing module 'axi_lite_ipif_v3_0_4_pselect_f__parameterized11' (1#1) [c:/Users/fmabrouk/Documents/FPGA/MicroBlaze_2017/MicroBlaze_2017.srcs/sources_1/bd/design_1/ipshared/0ba0/hdl/axi_lite_ipif_v3_0_vh_rfs.vhd:1534]
INFO: [Synth 8-638] synthesizing module 'axi_lite_ipif_v3_0_4_pselect_f__parameterized12' [c:/Users/fmabrouk/Documents/FPGA/MicroBlaze_2017/MicroBlaze_2017.srcs/sources_1/bd/design_1/ipshared/0ba0/hdl/axi_lite_ipif_v3_0_vh_rfs.vhd:1534]
INFO: [Synth 8-256] done synthesizing module 'axi_lite_ipif_v3_0_4_pselect_f__parameterized12' (1#1) [c:/Users/fmabrouk/Documents/FPGA/MicroBlaze_2017/MicroBlaze_2017.srcs/sources_1/bd/design_1/ipshared/0ba0/hdl/axi_lite_ipif_v3_0_vh_rfs.vhd:1534]
INFO: [Synth 8-638] synthesizing module 'axi_lite_ipif_v3_0_4_pselect_f__parameterized13' [c:/Users/fmabrouk/Documents/FPGA/MicroBlaze_2017/MicroBlaze_2017.srcs/sources_1/bd/design_1/ipshared/0ba0/hdl/axi_lite_ipif_v3_0_vh_rfs.vhd:1534]
INFO: [Synth 8-256] done synthesizing module 'axi_lite_ipif_v3_0_4_pselect_f__parameterized13' (1#1) [c:/Users/fmabrouk/Documents/FPGA/MicroBlaze_2017/MicroBlaze_2017.srcs/sources_1/bd/design_1/ipshared/0ba0/hdl/axi_lite_ipif_v3_0_vh_rfs.vhd:1534]
INFO: [Synth 8-638] synthesizing module 'axi_lite_ipif_v3_0_4_pselect_f__parameterized14' [c:/Users/fmabrouk/Documents/FPGA/MicroBlaze_2017/MicroBlaze_2017.srcs/sources_1/bd/design_1/ipshared/0ba0/hdl/axi_lite_ipif_v3_0_vh_rfs.vhd:1534]
INFO: [Synth 8-256] done synthesizing module 'axi_lite_ipif_v3_0_4_pselect_f__parameterized14' (1#1) [c:/Users/fmabrouk/Documents/FPGA/MicroBlaze_2017/MicroBlaze_2017.srcs/sources_1/bd/design_1/ipshared/0ba0/hdl/axi_lite_ipif_v3_0_vh_rfs.vhd:1534]
INFO: [Synth 8-638] synthesizing module 'axi_lite_ipif_v3_0_4_pselect_f__parameterized15' [c:/Users/fmabrouk/Documents/FPGA/MicroBlaze_2017/MicroBlaze_2017.srcs/sources_1/bd/design_1/ipshared/0ba0/hdl/axi_lite_ipif_v3_0_vh_rfs.vhd:1534]
INFO: [Synth 8-256] done synthesizing module 'axi_lite_ipif_v3_0_4_pselect_f__parameterized15' (1#1) [c:/Users/fmabrouk/Documents/FPGA/MicroBlaze_2017/MicroBlaze_2017.srcs/sources_1/bd/design_1/ipshared/0ba0/hdl/axi_lite_ipif_v3_0_vh_rfs.vhd:1534]
INFO: [Synth 8-638] synthesizing module 'axi_lite_ipif_v3_0_4_pselect_f__parameterized16' [c:/Users/fmabrouk/Documents/FPGA/MicroBlaze_2017/MicroBlaze_2017.srcs/sources_1/bd/design_1/ipshared/0ba0/hdl/axi_lite_ipif_v3_0_vh_rfs.vhd:1534]
INFO: [Synth 8-256] done synthesizing module 'axi_lite_ipif_v3_0_4_pselect_f__parameterized16' (1#1) [c:/Users/fmabrouk/Documents/FPGA/MicroBlaze_2017/MicroBlaze_2017.srcs/sources_1/bd/design_1/ipshared/0ba0/hdl/axi_lite_ipif_v3_0_vh_rfs.vhd:1534]
INFO: [Synth 8-638] synthesizing module 'axi_lite_ipif_v3_0_4_pselect_f__parameterized17' [c:/Users/fmabrouk/Documents/FPGA/MicroBlaze_2017/MicroBlaze_2017.srcs/sources_1/bd/design_1/ipshared/0ba0/hdl/axi_lite_ipif_v3_0_vh_rfs.vhd:1534]
INFO: [Synth 8-256] done synthesizing module 'axi_lite_ipif_v3_0_4_pselect_f__parameterized17' (1#1) [c:/Users/fmabrouk/Documents/FPGA/MicroBlaze_2017/MicroBlaze_2017.srcs/sources_1/bd/design_1/ipshared/0ba0/hdl/axi_lite_ipif_v3_0_vh_rfs.vhd:1534]
INFO: [Synth 8-638] synthesizing module 'axi_lite_ipif_v3_0_4_pselect_f__parameterized18' [c:/Users/fmabrouk/Documents/FPGA/MicroBlaze_2017/MicroBlaze_2017.srcs/sources_1/bd/design_1/ipshared/0ba0/hdl/axi_lite_ipif_v3_0_vh_rfs.vhd:1534]
INFO: [Synth 8-256] done synthesizing module 'axi_lite_ipif_v3_0_4_pselect_f__parameterized18' (1#1) [c:/Users/fmabrouk/Documents/FPGA/MicroBlaze_2017/MicroBlaze_2017.srcs/sources_1/bd/design_1/ipshared/0ba0/hdl/axi_lite_ipif_v3_0_vh_rfs.vhd:1534]
INFO: [Synth 8-638] synthesizing module 'axi_lite_ipif_v3_0_4_pselect_f__parameterized19' [c:/Users/fmabrouk/Documents/FPGA/MicroBlaze_2017/MicroBlaze_2017.srcs/sources_1/bd/design_1/ipshared/0ba0/hdl/axi_lite_ipif_v3_0_vh_rfs.vhd:1534]
INFO: [Synth 8-256] done synthesizing module 'axi_lite_ipif_v3_0_4_pselect_f__parameterized19' (1#1) [c:/Users/fmabrouk/Documents/FPGA/MicroBlaze_2017/MicroBlaze_2017.srcs/sources_1/bd/design_1/ipshared/0ba0/hdl/axi_lite_ipif_v3_0_vh_rfs.vhd:1534]
INFO: [Synth 8-638] synthesizing module 'axi_lite_ipif_v3_0_4_pselect_f__parameterized20' [c:/Users/fmabrouk/Documents/FPGA/MicroBlaze_2017/MicroBlaze_2017.srcs/sources_1/bd/design_1/ipshared/0ba0/hdl/axi_lite_ipif_v3_0_vh_rfs.vhd:1534]
INFO: [Synth 8-256] done synthesizing module 'axi_lite_ipif_v3_0_4_pselect_f__parameterized20' (1#1) [c:/Users/fmabrouk/Documents/FPGA/MicroBlaze_2017/MicroBlaze_2017.srcs/sources_1/bd/design_1/ipshared/0ba0/hdl/axi_lite_ipif_v3_0_vh_rfs.vhd:1534]
INFO: [Synth 8-638] synthesizing module 'axi_lite_ipif_v3_0_4_pselect_f__parameterized21' [c:/Users/fmabrouk/Documents/FPGA/MicroBlaze_2017/MicroBlaze_2017.srcs/sources_1/bd/design_1/ipshared/0ba0/hdl/axi_lite_ipif_v3_0_vh_rfs.vhd:1534]
INFO: [Synth 8-256] done synthesizing module 'axi_lite_ipif_v3_0_4_pselect_f__parameterized21' (1#1) [c:/Users/fmabrouk/Documents/FPGA/MicroBlaze_2017/MicroBlaze_2017.srcs/sources_1/bd/design_1/ipshared/0ba0/hdl/axi_lite_ipif_v3_0_vh_rfs.vhd:1534]
INFO: [Synth 8-638] synthesizing module 'axi_lite_ipif_v3_0_4_pselect_f__parameterized22' [c:/Users/fmabrouk/Documents/FPGA/MicroBlaze_2017/MicroBlaze_2017.srcs/sources_1/bd/design_1/ipshared/0ba0/hdl/axi_lite_ipif_v3_0_vh_rfs.vhd:1534]
INFO: [Synth 8-256] done synthesizing module 'axi_lite_ipif_v3_0_4_pselect_f__parameterized22' (1#1) [c:/Users/fmabrouk/Documents/FPGA/MicroBlaze_2017/MicroBlaze_2017.srcs/sources_1/bd/design_1/ipshared/0ba0/hdl/axi_lite_ipif_v3_0_vh_rfs.vhd:1534]
INFO: [Synth 8-638] synthesizing module 'axi_lite_ipif_v3_0_4_pselect_f__parameterized23' [c:/Users/fmabrouk/Documents/FPGA/MicroBlaze_2017/MicroBlaze_2017.srcs/sources_1/bd/design_1/ipshared/0ba0/hdl/axi_lite_ipif_v3_0_vh_rfs.vhd:1534]
INFO: [Synth 8-256] done synthesizing module 'axi_lite_ipif_v3_0_4_pselect_f__parameterized23' (1#1) [c:/Users/fmabrouk/Documents/FPGA/MicroBlaze_2017/MicroBlaze_2017.srcs/sources_1/bd/design_1/ipshared/0ba0/hdl/axi_lite_ipif_v3_0_vh_rfs.vhd:1534]
INFO: [Synth 8-638] synthesizing module 'axi_lite_ipif_v3_0_4_pselect_f__parameterized24' [c:/Users/fmabrouk/Documents/FPGA/MicroBlaze_2017/MicroBlaze_2017.srcs/sources_1/bd/design_1/ipshared/0ba0/hdl/axi_lite_ipif_v3_0_vh_rfs.vhd:1534]
INFO: [Synth 8-256] done synthesizing module 'axi_lite_ipif_v3_0_4_pselect_f__parameterized24' (1#1) [c:/Users/fmabrouk/Documents/FPGA/MicroBlaze_2017/MicroBlaze_2017.srcs/sources_1/bd/design_1/ipshared/0ba0/hdl/axi_lite_ipif_v3_0_vh_rfs.vhd:1534]
INFO: [Synth 8-638] synthesizing module 'axi_lite_ipif_v3_0_4_pselect_f__parameterized25' [c:/Users/fmabrouk/Documents/FPGA/MicroBlaze_2017/MicroBlaze_2017.srcs/sources_1/bd/design_1/ipshared/0ba0/hdl/axi_lite_ipif_v3_0_vh_rfs.vhd:1534]
INFO: [Synth 8-256] done synthesizing module 'axi_lite_ipif_v3_0_4_pselect_f__parameterized25' (1#1) [c:/Users/fmabrouk/Documents/FPGA/MicroBlaze_2017/MicroBlaze_2017.srcs/sources_1/bd/design_1/ipshared/0ba0/hdl/axi_lite_ipif_v3_0_vh_rfs.vhd:1534]
INFO: [Synth 8-256] done synthesizing module 'address_decoder' (2#1) [c:/Users/fmabrouk/Documents/FPGA/MicroBlaze_2017/MicroBlaze_2017.srcs/sources_1/bd/design_1/ipshared/0ba0/hdl/axi_lite_ipif_v3_0_vh_rfs.vhd:1775]
INFO: [Synth 8-256] done synthesizing module 'slave_attachment' (3#1) [c:/Users/fmabrouk/Documents/FPGA/MicroBlaze_2017/MicroBlaze_2017.srcs/sources_1/bd/design_1/ipshared/0ba0/hdl/axi_lite_ipif_v3_0_vh_rfs.vhd:2341]
INFO: [Synth 8-256] done synthesizing module 'axi_lite_ipif' (4#1) [c:/Users/fmabrouk/Documents/FPGA/MicroBlaze_2017/MicroBlaze_2017.srcs/sources_1/bd/design_1/ipshared/0ba0/hdl/axi_lite_ipif_v3_0_vh_rfs.vhd:2948]
INFO: [Synth 8-638] synthesizing module 'qspi_core_interface' [c:/Users/fmabrouk/Documents/FPGA/MicroBlaze_2017/MicroBlaze_2017.srcs/sources_1/bd/design_1/ipshared/4c23/hdl/axi_quad_spi_v3_2_rfs.vhd:17844]
INFO: [Synth 8-638] synthesizing module 'reset_sync_module' [c:/Users/fmabrouk/Documents/FPGA/MicroBlaze_2017/MicroBlaze_2017.srcs/sources_1/bd/design_1/ipshared/4c23/hdl/axi_quad_spi_v3_2_rfs.vhd:2426]
INFO: [Synth 8-256] done synthesizing module 'reset_sync_module' (5#1) [c:/Users/fmabrouk/Documents/FPGA/MicroBlaze_2017/MicroBlaze_2017.srcs/sources_1/bd/design_1/ipshared/4c23/hdl/axi_quad_spi_v3_2_rfs.vhd:2426]
INFO: [Synth 8-638] synthesizing module 'cross_clk_sync_fifo_1' [c:/Users/fmabrouk/Documents/FPGA/MicroBlaze_2017/MicroBlaze_2017.srcs/sources_1/bd/design_1/ipshared/4c23/hdl/axi_quad_spi_v3_2_rfs.vhd:13594]
INFO: [Synth 8-256] done synthesizing module 'cross_clk_sync_fifo_1' (6#1) [c:/Users/fmabrouk/Documents/FPGA/MicroBlaze_2017/MicroBlaze_2017.srcs/sources_1/bd/design_1/ipshared/4c23/hdl/axi_quad_spi_v3_2_rfs.vhd:13594]
INFO: [Synth 8-638] synthesizing module 'async_fifo_fg' [c:/Users/fmabrouk/Documents/FPGA/MicroBlaze_2017/MicroBlaze_2017.srcs/sources_1/bd/design_1/ipshared/c387/hdl/lib_fifo_v1_0_rfs.vhd:253]
INFO: [Synth 8-256] done synthesizing module 'async_fifo_fg' (30#1) [c:/Users/fmabrouk/Documents/FPGA/MicroBlaze_2017/MicroBlaze_2017.srcs/sources_1/bd/design_1/ipshared/c387/hdl/lib_fifo_v1_0_rfs.vhd:253]
INFO: [Synth 8-638] synthesizing module 'cdc_sync' [c:/Users/fmabrouk/Documents/FPGA/MicroBlaze_2017/MicroBlaze_2017.srcs/sources_1/bd/design_1/ipshared/52cb/hdl/lib_cdc_v1_0_rfs.vhd:106]
INFO: [Synth 8-256] done synthesizing module 'cdc_sync' (31#1) [c:/Users/fmabrouk/Documents/FPGA/MicroBlaze_2017/MicroBlaze_2017.srcs/sources_1/bd/design_1/ipshared/52cb/hdl/lib_cdc_v1_0_rfs.vhd:106]
INFO: [Synth 8-638] synthesizing module 'counter_f' [c:/Users/fmabrouk/Documents/FPGA/MicroBlaze_2017/MicroBlaze_2017.srcs/sources_1/bd/design_1/ipshared/4c23/hdl/axi_quad_spi_v3_2_rfs.vhd:669]
INFO: [Synth 8-256] done synthesizing module 'counter_f' (32#1) [c:/Users/fmabrouk/Documents/FPGA/MicroBlaze_2017/MicroBlaze_2017.srcs/sources_1/bd/design_1/ipshared/4c23/hdl/axi_quad_spi_v3_2_rfs.vhd:669]
INFO: [Synth 8-638] synthesizing module 'qspi_fifo_ifmodule' [c:/Users/fmabrouk/Documents/FPGA/MicroBlaze_2017/MicroBlaze_2017.srcs/sources_1/bd/design_1/ipshared/4c23/hdl/axi_quad_spi_v3_2_rfs.vhd:12121]
INFO: [Synth 8-256] done synthesizing module 'qspi_fifo_ifmodule' (33#1) [c:/Users/fmabrouk/Documents/FPGA/MicroBlaze_2017/MicroBlaze_2017.srcs/sources_1/bd/design_1/ipshared/4c23/hdl/axi_quad_spi_v3_2_rfs.vhd:12121]
INFO: [Synth 8-638] synthesizing module 'qspi_occupancy_reg' [c:/Users/fmabrouk/Documents/FPGA/MicroBlaze_2017/MicroBlaze_2017.srcs/sources_1/bd/design_1/ipshared/4c23/hdl/axi_quad_spi_v3_2_rfs.vhd:3646]
INFO: [Synth 8-256] done synthesizing module 'qspi_occupancy_reg' (34#1) [c:/Users/fmabrouk/Documents/FPGA/MicroBlaze_2017/MicroBlaze_2017.srcs/sources_1/bd/design_1/ipshared/4c23/hdl/axi_quad_spi_v3_2_rfs.vhd:3646]
INFO: [Synth 8-638] synthesizing module 'qspi_startup_block' [c:/Users/fmabrouk/Documents/FPGA/MicroBlaze_2017/MicroBlaze_2017.srcs/sources_1/bd/design_1/ipshared/4c23/hdl/axi_quad_spi_v3_2_rfs.vhd:2928]
INFO: [Synth 8-256] done synthesizing module 'qspi_startup_block' (35#1) [c:/Users/fmabrouk/Documents/FPGA/MicroBlaze_2017/MicroBlaze_2017.srcs/sources_1/bd/design_1/ipshared/4c23/hdl/axi_quad_spi_v3_2_rfs.vhd:2928]
INFO: [Synth 8-638] synthesizing module 'qspi_mode_0_module' [c:/Users/fmabrouk/Documents/FPGA/MicroBlaze_2017/MicroBlaze_2017.srcs/sources_1/bd/design_1/ipshared/4c23/hdl/axi_quad_spi_v3_2_rfs.vhd:7854]
INFO: [Synth 8-256] done synthesizing module 'qspi_mode_0_module' (36#1) [c:/Users/fmabrouk/Documents/FPGA/MicroBlaze_2017/MicroBlaze_2017.srcs/sources_1/bd/design_1/ipshared/4c23/hdl/axi_quad_spi_v3_2_rfs.vhd:7854]
INFO: [Synth 8-638] synthesizing module 'qspi_cntrl_reg' [c:/Users/fmabrouk/Documents/FPGA/MicroBlaze_2017/MicroBlaze_2017.srcs/sources_1/bd/design_1/ipshared/4c23/hdl/axi_quad_spi_v3_2_rfs.vhd:12476]
INFO: [Synth 8-256] done synthesizing module 'qspi_cntrl_reg' (37#1) [c:/Users/fmabrouk/Documents/FPGA/MicroBlaze_2017/MicroBlaze_2017.srcs/sources_1/bd/design_1/ipshared/4c23/hdl/axi_quad_spi_v3_2_rfs.vhd:12476]
INFO: [Synth 8-638] synthesizing module 'qspi_status_slave_sel_reg' [c:/Users/fmabrouk/Documents/FPGA/MicroBlaze_2017/MicroBlaze_2017.srcs/sources_1/bd/design_1/ipshared/4c23/hdl/axi_quad_spi_v3_2_rfs.vhd:2657]
INFO: [Synth 8-256] done synthesizing module 'qspi_status_slave_sel_reg' (38#1) [c:/Users/fmabrouk/Documents/FPGA/MicroBlaze_2017/MicroBlaze_2017.srcs/sources_1/bd/design_1/ipshared/4c23/hdl/axi_quad_spi_v3_2_rfs.vhd:2657]
INFO: [Synth 8-638] synthesizing module 'soft_reset' [c:/Users/fmabrouk/Documents/FPGA/MicroBlaze_2017/MicroBlaze_2017.srcs/sources_1/bd/design_1/ipshared/4c23/hdl/axi_quad_spi_v3_2_rfs.vhd:874]
INFO: [Synth 8-256] done synthesizing module 'soft_reset' (39#1) [c:/Users/fmabrouk/Documents/FPGA/MicroBlaze_2017/MicroBlaze_2017.srcs/sources_1/bd/design_1/ipshared/4c23/hdl/axi_quad_spi_v3_2_rfs.vhd:874]
INFO: [Synth 8-638] synthesizing module 'interrupt_control' [c:/Users/fmabrouk/Documents/FPGA/MicroBlaze_2017/MicroBlaze_2017.srcs/sources_1/bd/design_1/ipshared/e956/hdl/interrupt_control_v3_1_vh_rfs.vhd:259]
INFO: [Synth 8-256] done synthesizing module 'interrupt_control' (40#1) [c:/Users/fmabrouk/Documents/FPGA/MicroBlaze_2017/MicroBlaze_2017.srcs/sources_1/bd/design_1/ipshared/e956/hdl/interrupt_control_v3_1_vh_rfs.vhd:259]
INFO: [Synth 8-256] done synthesizing module 'qspi_core_interface' (41#1) [c:/Users/fmabrouk/Documents/FPGA/MicroBlaze_2017/MicroBlaze_2017.srcs/sources_1/bd/design_1/ipshared/4c23/hdl/axi_quad_spi_v3_2_rfs.vhd:17844]
INFO: [Synth 8-256] done synthesizing module 'axi_quad_spi_top' (42#1) [c:/Users/fmabrouk/Documents/FPGA/MicroBlaze_2017/MicroBlaze_2017.srcs/sources_1/bd/design_1/ipshared/4c23/hdl/axi_quad_spi_v3_2_rfs.vhd:31302]
INFO: [Synth 8-256] done synthesizing module 'axi_quad_spi' (43#1) [c:/Users/fmabrouk/Documents/FPGA/MicroBlaze_2017/MicroBlaze_2017.srcs/sources_1/bd/design_1/ipshared/4c23/hdl/axi_quad_spi_v3_2_rfs.vhd:33028]
INFO: [Synth 8-256] done synthesizing module 'design_1_axi_quad_spi_0_0' (44#1) [c:/Users/fmabrouk/Documents/FPGA/MicroBlaze_2017/MicroBlaze_2017.srcs/sources_1/bd/design_1/ip/design_1_axi_quad_spi_0_0/synth/design_1_axi_quad_spi_0_0.vhd:98]
Finished RTL Elaboration : Time (s): cpu = 00:00:18 ; elapsed = 00:00:21 . Memory (MB): peak = 528.223 ; gain = 214.816
Finished RTL Optimization Phase 1 : Time (s): cpu = 00:00:19 ; elapsed = 00:00:22 . Memory (MB): peak = 528.223 ; gain = 214.816
INFO: [Device 21-403] Loading part xc7k325tffg676-2
Constraint Validation Runtime : Time (s): cpu = 00:00:00 ; elapsed = 00:00:00.048 . Memory (MB): peak = 792.344 ; gain = 0.000
Finished Constraint Validation : Time (s): cpu = 00:00:28 ; elapsed = 00:00:31 . Memory (MB): peak = 792.344 ; gain = 478.938
Finished Loading Part and Timing Information : Time (s): cpu = 00:00:28 ; elapsed = 00:00:31 . Memory (MB): peak = 792.344 ; gain = 478.938
Finished applying 'set_property' XDC Constraints : Time (s): cpu = 00:00:28 ; elapsed = 00:00:31 . Memory (MB): peak = 792.344 ; gain = 478.938
Finished RTL Optimization Phase 2 : Time (s): cpu = 00:00:29 ; elapsed = 00:00:33 . Memory (MB): peak = 792.344 ; gain = 478.938
Finished Cross Boundary and Area Optimization : Time (s): cpu = 00:00:32 ; elapsed = 00:00:35 . Memory (MB): peak = 792.344 ; gain = 478.938
---------------------------------------------------------------------------------
Start ROM, RAM, DSP and Shift Register Reporting
---------------------------------------------------------------------------------

Distributed RAM: Preliminary Mapping  Report (see note below)
+------------+----------------------------------------------------------------------------------------------------------------------------------------------------------------------------------------------------------------------------+----------------+----------------------+--------------+
|Module Name | RTL Object                                                                                                                                                                                                                 | Inference      | Size (Depth x Width) | Primitives   | 
+------------+----------------------------------------------------------------------------------------------------------------------------------------------------------------------------------------------------------------------------+----------------+----------------------+--------------+
|U0          | NO_DUAL_QUAD_MODE.QSPI_NORMAL/QSPI_LEGACY_MD_GEN.QSPI_CORE_INTERFACE_I/FIFO_EXISTS.RX_FIFO_II/USE_2N_DEPTH.V6_S6_AND_LATER.I_ASYNC_FIFO_BRAM/inst_fifo_gen/gconvfifo.rf/grf.rf/gntv_or_sync_fifo.mem/gdm.dm_gen.dm/RAM_reg | User Attribute | 16 x 32              | RAM32M x 6   | 
|U0          | NO_DUAL_QUAD_MODE.QSPI_NORMAL/QSPI_LEGACY_MD_GEN.QSPI_CORE_INTERFACE_I/FIFO_EXISTS.TX_FIFO_II/USE_2N_DEPTH.V6_S6_AND_LATER.I_ASYNC_FIFO_BRAM/inst_fifo_gen/gconvfifo.rf/grf.rf/gntv_or_sync_fifo.mem/gdm.dm_gen.dm/RAM_reg | User Attribute | 16 x 32              | RAM32M x 6   | 
+------------+----------------------------------------------------------------------------------------------------------------------------------------------------------------------------------------------------------------------------+----------------+----------------------+--------------+

Note: The table above is a preliminary report that shows the Distributed RAMs at the current stage of the synthesis flow. Some Distributed RAMs may be reimplemented as non Distributed RAM primitives later in the synthesis flow. Multiple instantiated RAMs are reported only once.
---------------------------------------------------------------------------------
Finished ROM, RAM, DSP and Shift Register Reporting
---------------------------------------------------------------------------------
Finished Applying XDC Timing Constraints : Time (s): cpu = 00:00:41 ; elapsed = 00:00:45 . Memory (MB): peak = 792.344 ; gain = 478.938
Finished Timing Optimization : Time (s): cpu = 00:00:42 ; elapsed = 00:00:46 . Memory (MB): peak = 792.344 ; gain = 478.938
Finished Technology Mapping : Time (s): cpu = 00:00:42 ; elapsed = 00:00:46 . Memory (MB): peak = 792.344 ; gain = 478.938
Finished IO Insertion : Time (s): cpu = 00:00:43 ; elapsed = 00:00:47 . Memory (MB): peak = 792.344 ; gain = 478.938
Finished Renaming Generated Instances : Time (s): cpu = 00:00:43 ; elapsed = 00:00:47 . Memory (MB): peak = 792.344 ; gain = 478.938
Finished Rebuilding User Hierarchy : Time (s): cpu = 00:00:43 ; elapsed = 00:00:47 . Memory (MB): peak = 792.344 ; gain = 478.938
Finished Renaming Generated Ports : Time (s): cpu = 00:00:43 ; elapsed = 00:00:47 . Memory (MB): peak = 792.344 ; gain = 478.938
Finished Handling Custom Attributes : Time (s): cpu = 00:00:43 ; elapsed = 00:00:47 . Memory (MB): peak = 792.344 ; gain = 478.938
Finished Renaming Generated Nets : Time (s): cpu = 00:00:43 ; elapsed = 00:00:47 . Memory (MB): peak = 792.344 ; gain = 478.938

Report Cell Usage: 
+------+----------+------+
|      |Cell      |Count |
+------+----------+------+
|1     |LUT1      |     7|
|2     |LUT2      |    79|
|3     |LUT3      |    49|
|4     |LUT4      |   100|
|5     |LUT5      |    99|
|6     |LUT6      |   139|
|7     |RAM32M    |    12|
|8     |SRL16E    |     2|
|9     |STARTUPE2 |     1|
|10    |FD        |     8|
|11    |FDCE      |   242|
|12    |FDPE      |    60|
|13    |FDR       |    57|
|14    |FDRE      |   434|
|15    |FDSE      |    11|
+------+----------+------+
Finished Writing Synthesis Report : Time (s): cpu = 00:00:43 ; elapsed = 00:00:47 . Memory (MB): peak = 792.344 ; gain = 478.938
synth_design: Time (s): cpu = 00:00:47 ; elapsed = 00:00:51 . Memory (MB): peak = 792.344 ; gain = 494.000
